============================= test session starts ==============================
platform linux -- Python 3.9.25, pytest-8.4.2, pluggy-1.6.0
rootdir: /home/minh/projects/turboquant_pp
configfile: pyproject.toml
collected 1 item

tests/test_paged_attention.py F                                          [100%]

=================================== FAILURES ===================================
___________ TestPagedAttention.test_paged_vs_contiguous_parity[8-3] ____________
tests/test_paged_attention.py:73: in test_paged_vs_contiguous_parity
    assert max_diff < 1e-4, f"Paged and Contiguous differ significantly: {max_diff}"
E   AssertionError: Paged and Contiguous differ significantly: 5.954111576080322
E   assert 5.954111576080322 < 0.0001
----------------------------- Captured stdout call -----------------------------

[PARITY DEBUG] Bits(8/3):
  > Paged Norm   : 48.72114182
  > Contig Norm  : 3.77670550
  > Max Absolute Diff: 5.95411158
  > Paged (First 5): [-0.44180071353912354, -0.37634170055389404, -0.604235827922821, -0.21932974457740784, -0.14694538712501526]
  > Contig (First 5): [-0.2107735127210617, 0.006890743970870972, -0.13668277859687805, 0.004785951226949692, -0.22251412272453308]
=========================== short test summary info ============================
FAILED tests/test_paged_attention.py::TestPagedAttention::test_paged_vs_contiguous_parity[8-3]
============================== 1 failed in 3.68s ===============================
