--- 1. SMART SYNC (Preserving .venv) ---
--- 2. UV SYNC (Module Registration) ---
Resolved 67 packages in 0.87ms
Checked 36 packages in 0.30ms
Checked 1 package in 1ms
--- 4. RUNNING FINAL VERIFICATION ---
[Status] Running debug_hybrid.py...
--- DEBUG HYBRID PRECISION ---
Device: cuda, Head Dim: 64
Input Q shape: torch.Size([1, 1, 256])
Layer Strategy: QuantizationStrategy.TURBO_4BIT
Running Forward Pass (Quantized Layer 1)...
Success! Output shape: torch.Size([1, 1, 256])
[Status] Running Pytest Suite...
============================= test session starts ==============================
platform linux -- Python 3.9.25, pytest-8.4.2, pluggy-1.6.0 -- /home/minh/projects/turboquant_pp/.venv/bin/python3
cachedir: .pytest_cache
rootdir: /home/minh/projects/turboquant_pp
configfile: pyproject.toml
testpaths: tests
collecting ... collected 163 items

tests/test_architectural_branching.py::test_fp16_paged_storage_and_gather PASSED [  0%]
tests/test_architectural_branching.py::test_hybrid_precision_paged_attention PASSED [  1%]
tests/test_fused_attention.py::test_attention_score_mse_shape[128] PASSED [  1%]
tests/test_fused_attention.py::test_attention_score_mse_shape[256] PASSED [  2%]
tests/test_fused_attention.py::test_attention_score_prod_shape[128] PASSED [  3%]
tests/test_fused_attention.py::test_attention_score_prod_shape[256] PASSED [  3%]
tests/test_fused_attention.py::test_attention_score_prod_correlation[0] PASSED [  4%]
tests/test_fused_attention.py::test_attention_score_prod_correlation[1] PASSED [  4%]
tests/test_fused_attention.py::test_attention_score_prod_correlation[2] PASSED [  5%]
tests/test_fused_attention.py::test_attention_score_prod_correlation[3] PASSED [  6%]
tests/test_fused_attention.py::test_attention_score_prod_correlation[4] PASSED [  6%]
tests/test_fused_attention.py::test_attention_score_prod_correlation[5] PASSED [  7%]
tests/test_fused_attention.py::test_attention_score_prod_correlation[6] PASSED [  7%]
tests/test_fused_attention.py::test_attention_score_prod_correlation[7] PASSED [  8%]
tests/test_fused_attention.py::test_attention_score_prod_correlation[8] PASSED [  9%]
tests/test_fused_attention.py::test_attention_score_prod_correlation[9] PASSED [  9%]
tests/test_fused_attention.py::test_attention_non_gaussian PASSED        [ 10%]
tests/test_fused_attention.py::test_turboquant_attention_output_shape PASSED [ 11%]
tests/test_fused_attention.py::test_attention_quality_vs_true PASSED     [ 11%]
tests/test_hell_fused.py::TestHellFused::test_softmax_stability_hell FAILED [ 12%]
tests/test_hell_fused.py::TestHellFused::test_long_context_hell FAILED   [ 12%]
tests/test_hell_fused.py::TestHellFused::test_odd_bit_packing_hell FAILED [ 13%]
tests/test_hell_fused.py::TestHellFused::test_large_dim_hell FAILED      [ 14%]
tests/test_hybrid_routing.py::test_boundary_layer_protection PASSED      [ 14%]
tests/test_hybrid_routing.py::test_hybrid_precision_forward PASSED       [ 15%]
tests/test_kv_manager.py::test_kv_manager_paged_allocation PASSED        [ 15%]
tests/test_kv_manager.py::test_kv_manager_metadata_fidelity PASSED       [ 16%]
tests/test_kv_manager.py::test_kv_manager_boundary_protection PASSED     [ 17%]
tests/test_lloyd_max.py::test_lloyd_max_range[1] PASSED                  [ 17%]
tests/test_lloyd_max.py::test_lloyd_max_range[2] PASSED                  [ 18%]
tests/test_lloyd_max.py::test_lloyd_max_range[3] PASSED                  [ 19%]
tests/test_lloyd_max.py::test_lloyd_max_range[4] PASSED                  [ 19%]
tests/test_lloyd_max.py::test_lloyd_max_range[5] PASSED                  [ 20%]
tests/test_lloyd_max.py::test_lloyd_max_range[6] PASSED                  [ 20%]
tests/test_lloyd_max.py::test_lloyd_max_range[7] PASSED                  [ 21%]
tests/test_lloyd_max.py::test_lloyd_max_range[8] PASSED                  [ 22%]
tests/test_lloyd_max.py::test_lloyd_max_reconstruction_values[2] PASSED  [ 22%]
tests/test_lloyd_max.py::test_lloyd_max_reconstruction_values[4] PASSED  [ 23%]
tests/test_lloyd_max.py::test_lloyd_max_monotonicity PASSED              [ 23%]
tests/test_lloyd_max.py::test_lloyd_max_device_dtype PASSED              [ 24%]
tests/test_paged_attention.py::TestPagedAttention::test_paged_vs_contiguous_parity[8-3] FAILED [ 25%]
tests/test_paged_attention.py::TestPagedAttention::test_paged_vs_contiguous_parity[4-4] FAILED [ 25%]
tests/test_qjl.py::test_qjl_correlation_improvement[3-128] PASSED        [ 26%]
tests/test_qjl.py::test_qjl_correlation_improvement[3-256] PASSED        [ 26%]
tests/test_qjl.py::test_qjl_correlation_improvement[4-128] PASSED        [ 27%]
tests/test_qjl.py::test_qjl_correlation_improvement[4-256] PASSED        [ 28%]
tests/test_qjl.py::test_qjl_correction_scale PASSED                      [ 28%]
tests/test_quantizer.py::test_mse_quantize_basic[4-64] PASSED            [ 29%]
tests/test_quantizer.py::test_mse_quantize_basic[4-128] PASSED           [ 30%]
tests/test_quantizer.py::test_mse_quantize_basic[4-256] PASSED           [ 30%]
tests/test_quantizer.py::test_mse_quantize_basic[8-64] PASSED            [ 31%]
tests/test_quantizer.py::test_mse_quantize_basic[8-128] PASSED           [ 31%]
tests/test_quantizer.py::test_mse_quantize_basic[8-256] PASSED           [ 32%]
tests/test_quantizer.py::test_mse_roundtrip[3-64] PASSED                 [ 33%]
tests/test_quantizer.py::test_mse_roundtrip[3-128] PASSED                [ 33%]
tests/test_quantizer.py::test_mse_roundtrip[3-256] PASSED                [ 34%]
tests/test_quantizer.py::test_mse_roundtrip[4-64] PASSED                 [ 34%]
tests/test_quantizer.py::test_mse_roundtrip[4-128] PASSED                [ 35%]
tests/test_quantizer.py::test_mse_roundtrip[4-256] PASSED                [ 36%]
tests/test_quantizer.py::test_prod_quantize_flow[4-128] PASSED           [ 36%]
tests/test_quantizer.py::test_prod_quantize_packed PASSED                [ 37%]
tests/test_quantizer.py::test_prod_roundtrip PASSED                      [ 38%]
tests/test_quantizer.py::test_prod_roundtrip_nonstandard_dim PASSED      [ 38%]
tests/test_quantizer.py::test_bit_packing_lossless[4] PASSED             [ 39%]
tests/test_quantizer.py::test_bit_packing_lossless[8] PASSED             [ 39%]
tests/test_quantizer.py::test_prod_broadcasting PASSED                   [ 40%]
tests/test_quantizer.py::test_mse_broadcasting PASSED                    [ 41%]
tests/test_quantizer.py::test_prod_better_than_mse_at_same_total_bits PASSED [ 41%]
tests/test_quantizer.py::test_bit_perfect_packing[1] PASSED              [ 42%]
tests/test_quantizer.py::test_bit_perfect_packing[2] PASSED              [ 42%]
tests/test_quantizer.py::test_bit_perfect_packing[3] PASSED              [ 43%]
tests/test_quantizer.py::test_bit_perfect_packing[4] PASSED              [ 44%]
tests/test_quantizer.py::test_bit_perfect_packing[5] PASSED              [ 44%]
tests/test_quantizer.py::test_bit_perfect_packing[6] PASSED              [ 45%]
tests/test_quantizer.py::test_bit_perfect_packing[7] PASSED              [ 46%]
tests/test_quantizer.py::test_bit_perfect_packing[8] PASSED              [ 46%]
tests/test_rope.py::test_rope_identity_at_zero[64] PASSED                [ 47%]
tests/test_rope.py::test_rope_identity_at_zero[128] PASSED               [ 47%]
tests/test_rope.py::test_rope_identity_at_zero[256] PASSED               [ 48%]
tests/test_rope.py::test_rope_relative_position[64] PASSED               [ 49%]
tests/test_rope.py::test_rope_relative_position[128] PASSED              [ 49%]
tests/test_rope.py::test_rope_relative_position[256] PASSED              [ 50%]
tests/test_rope.py::test_apply_rope_functional[64] PASSED                [ 50%]
tests/test_rope.py::test_apply_rope_functional[128] PASSED               [ 51%]
tests/test_rope.py::test_apply_rope_functional[256] PASSED               [ 52%]
tests/test_rotation.py::test_cascaded_rotation_properties[1-64] PASSED   [ 52%]
tests/test_rotation.py::test_cascaded_rotation_properties[1-128] PASSED  [ 53%]
tests/test_rotation.py::test_cascaded_rotation_properties[1-256] PASSED  [ 53%]
tests/test_rotation.py::test_cascaded_rotation_properties[1-1024] PASSED [ 54%]
tests/test_rotation.py::test_cascaded_rotation_properties[2-64] PASSED   [ 55%]
tests/test_rotation.py::test_cascaded_rotation_properties[2-128] PASSED  [ 55%]
tests/test_rotation.py::test_cascaded_rotation_properties[2-256] PASSED  [ 56%]
tests/test_rotation.py::test_cascaded_rotation_properties[2-1024] PASSED [ 57%]
tests/test_rotation.py::test_cascaded_rotation_properties[3-64] PASSED   [ 57%]
tests/test_rotation.py::test_cascaded_rotation_properties[3-128] PASSED  [ 58%]
tests/test_rotation.py::test_cascaded_rotation_properties[3-256] PASSED  [ 58%]
tests/test_rotation.py::test_cascaded_rotation_properties[3-1024] PASSED [ 59%]
tests/test_rotation.py::test_cascaded_rotation_roundtrip[1-64] PASSED    [ 60%]
tests/test_rotation.py::test_cascaded_rotation_roundtrip[1-128] PASSED   [ 60%]
tests/test_rotation.py::test_cascaded_rotation_roundtrip[1-256] PASSED   [ 61%]
tests/test_rotation.py::test_cascaded_rotation_roundtrip[2-64] PASSED    [ 61%]
tests/test_rotation.py::test_cascaded_rotation_roundtrip[2-128] PASSED   [ 62%]
tests/test_rotation.py::test_cascaded_rotation_roundtrip[2-256] PASSED   [ 63%]
tests/test_rotation.py::test_cascaded_independence PASSED                [ 63%]
tests/test_sign_array.py::test_sign_values_domain[64] PASSED             [ 64%]
tests/test_sign_array.py::test_sign_values_domain[128] PASSED            [ 65%]
tests/test_sign_array.py::test_sign_values_domain[256] PASSED            [ 65%]
tests/test_sign_array.py::test_sign_values_domain[512] PASSED            [ 66%]
tests/test_sign_array.py::test_deterministic_seed[64] PASSED             [ 66%]
tests/test_sign_array.py::test_deterministic_seed[128] PASSED            [ 67%]
tests/test_sign_array.py::test_deterministic_seed[256] PASSED            [ 68%]
tests/test_sign_array.py::test_sign_inverse[64] PASSED                   [ 68%]
tests/test_sign_array.py::test_sign_inverse[128] PASSED                  [ 69%]
tests/test_sign_array.py::test_sign_inverse[256] PASSED                  [ 69%]
tests/test_sign_array.py::test_llama_presets[256] PASSED                 [ 70%]
tests/test_sign_array.py::test_apply_sign_broadcasting PASSED            [ 71%]
tests/test_sota_snr_parity.py::test_dual_lut_snr_gain[3-128] PASSED      [ 71%]
tests/test_sota_snr_parity.py::test_dual_lut_snr_gain[3-256] PASSED      [ 72%]
tests/test_sota_snr_parity.py::test_dual_lut_snr_gain[4-128] PASSED      [ 73%]
tests/test_sota_snr_parity.py::test_dual_lut_snr_gain[4-256] PASSED      [ 73%]
tests/test_sota_snr_parity.py::test_block_128_compression_audit PASSED   [ 74%]
tests/test_torture_quant.py::test_outlier_hell_key[4-128] PASSED         [ 74%]
tests/test_torture_quant.py::test_outlier_hell_key[4-256] PASSED         [ 75%]
tests/test_torture_quant.py::test_zero_variance_hell_value[64-128] PASSED [ 76%]
tests/test_torture_quant.py::test_wht_precision_hell PASSED              [ 76%]
tests/test_triton_dequant_v.py::test_value_dequant_bit_exact[128-128-128-8-1] PASSED [ 77%]
tests/test_triton_dequant_v.py::test_value_dequant_bit_exact[128-128-128-8-2] PASSED [ 77%]
tests/test_triton_dequant_v.py::test_value_dequant_bit_exact[128-128-512-8-1] PASSED [ 78%]
tests/test_triton_dequant_v.py::test_value_dequant_bit_exact[128-128-512-8-2] PASSED [ 79%]
tests/test_triton_dequant_v.py::test_value_dequant_bit_exact[128-256-128-8-1] PASSED [ 79%]
tests/test_triton_dequant_v.py::test_value_dequant_bit_exact[128-256-128-8-2] PASSED [ 80%]
tests/test_triton_dequant_v.py::test_value_dequant_bit_exact[128-256-512-8-1] PASSED [ 80%]
tests/test_triton_dequant_v.py::test_value_dequant_bit_exact[128-256-512-8-2] PASSED [ 81%]
tests/test_value_quantizer.py::test_value_quantize_basic[4-64] PASSED    [ 82%]
tests/test_value_quantizer.py::test_value_quantize_basic[4-128] PASSED   [ 82%]
tests/test_value_quantizer.py::test_value_quantize_basic[4-256] PASSED   [ 83%]
tests/test_value_quantizer.py::test_value_quantize_basic[8-64] PASSED    [ 84%]
tests/test_value_quantizer.py::test_value_quantize_basic[8-128] PASSED   [ 84%]
tests/test_value_quantizer.py::test_value_quantize_basic[8-256] PASSED   [ 85%]
tests/test_value_quantizer.py::test_value_group_quantize[32] PASSED      [ 85%]
tests/test_value_quantizer.py::test_value_group_quantize[64] PASSED      [ 86%]
tests/test_value_quantizer.py::test_value_extreme_torture_shifted[4] PASSED [ 87%]
tests/test_value_quantizer.py::test_value_extreme_torture_shifted[8] PASSED [ 87%]
tests/test_value_quantizer.py::test_value_extreme_torture_spiky PASSED   [ 88%]
tests/test_value_quantizer.py::test_value_bit_perfect_packing_torture[4] PASSED [ 88%]
tests/test_value_quantizer.py::test_value_bit_perfect_packing_torture[8] PASSED [ 89%]
tests/test_value_quantizer.py::test_value_dtype_torture[dtype0] PASSED   [ 90%]
tests/test_value_quantizer.py::test_value_dtype_torture[dtype1] PASSED   [ 90%]
tests/test_wht.py::test_orthogonality[64] PASSED                         [ 91%]
tests/test_wht.py::test_orthogonality[128] PASSED                        [ 92%]
tests/test_wht.py::test_orthogonality[256] PASSED                        [ 92%]
tests/test_wht.py::test_orthogonality[512] PASSED                        [ 93%]
tests/test_wht.py::test_fwht_vs_naive[64] PASSED                         [ 93%]
tests/test_wht.py::test_fwht_vs_naive[128] PASSED                        [ 94%]
tests/test_wht.py::test_fwht_vs_naive[256] PASSED                        [ 95%]
tests/test_wht.py::test_roundtrip[64] PASSED                             [ 95%]
tests/test_wht.py::test_roundtrip[128] PASSED                            [ 96%]
tests/test_wht.py::test_roundtrip[256] PASSED                            [ 96%]
tests/test_wht.py::test_norm_preservation[64] PASSED                     [ 97%]
tests/test_wht.py::test_norm_preservation[128] PASSED                    [ 98%]
tests/test_wht.py::test_norm_preservation[256] PASSED                    [ 98%]
tests/test_wht.py::test_dtype_preservation[dtype0] PASSED                [ 99%]
tests/test_wht.py::test_dtype_preservation[dtype1] PASSED                [100%]

=================================== FAILURES ===================================
__________________ TestHellFused.test_softmax_stability_hell ___________________

self = <tests.test_hell_fused.TestHellFused object at 0x7a62754590d0>

    def test_softmax_stability_hell(self):
        """
        HELL 1: Numerical Stability.
        Burying the kernel in extreme scores (>1000) to test Online Softmax robustness.
        """
        device = "cuda"
        dim = 128
        n_q, n_k = 1, 1024
        bits = 4
    
        # 1. Setup quantizers
        k_quant = TurboQuantProd(dim, bits=bits).to(device)
        v_quant = TurboQuantValue(dim, bits=bits).to(device)
    
        # 2. Forge adversarial data: extreme dot products
        # We want scores = query * key.T to be very large (e.g. 5000)
        query = torch.ones((1, 1, dim), device=device) * 10.0
        key = torch.ones((1, n_k, dim), device=device) * 10.0 # 10 * 10 * 128 = 12,800!
        value = torch.randn((1, n_k, dim), device=device)
    
        # 3. Quantize
        q_key = k_quant.quantize(key)
        q_value = v_quant.quantize(value)
    
        # 4. Run Fused Attention (Triton)
        # Should NOT return NaN despite exp(12800) being inf
>       output, _ = turboquant_attention(query, q_key, q_value, quantizer=k_quant, scale=1.0)
E       TypeError: turboquant_attention() got an unexpected keyword argument 'scale'

tests/test_hell_fused.py:41: TypeError
_____________________ TestHellFused.test_long_context_hell _____________________

self = <tests.test_hell_fused.TestHellFused object at 0x7a6275464dc0>

    def test_long_context_hell(self):
        """
        HELL 2: 128k Long-Context Support.
        Tests tiling, indexing, and memory boundaries for massive N.
        """
        device = "cuda"
        dim = 128
        n_q = 1
        n_k = 131072 # 128k tokens
        bits = 4
    
        k_quant = TurboQuantProd(dim, bits=bits).to(device)
        v_quant = TurboQuantValue(dim, bits=bits).to(device)
    
        # Low-variance data to avoid OOM in test logic
        query = torch.randn((1, 1, dim), device=device)
        key = torch.randn((1, n_k, dim), device=device)
        value = torch.randn((1, n_k, dim), device=device)
    
        q_key = k_quant.quantize(key)
        q_value = v_quant.quantize(value)
    
        # Execution
>       output, _ = turboquant_attention(query, q_key, q_value, quantizer=k_quant)

tests/test_hell_fused.py:70: 
_ _ _ _ _ _ _ _ _ _ _ _ _ _ _ _ _ _ _ _ _ _ _ _ _ _ _ _ _ _ _ _ _ _ _ _ _ _ _ _ 
src/turboquant/kernels/fused_attention.py:86: in turboquant_attention
    scores = attention_score_prod_dispatch(query, key, quantizer, qjl_scale, sm_scale)
src/turboquant/kernels/fused_attention.py:31: in attention_score_prod_dispatch
    return turboquant_attention_score(query, quantized_key, quantizer, qjl_scale, sm_scale)
src/turboquant/kernels/triton_attention.py:37: in turboquant_attention_score
    mse_packed = quantized_key.mse_indices
_ _ _ _ _ _ _ _ _ _ _ _ _ _ _ _ _ _ _ _ _ _ _ _ _ _ _ _ _ _ _ _ _ _ _ _ _ _ _ _ 

self = TurboQuantProd(
  (mse_quantizer): TurboQuantMSE(
    (rotation): TurboQuantRotation()
  )
)
name = 'mse_indices'

    def __getattr__(self, name: str) -> Union[Tensor, "Module"]:
        if "_parameters" in self.__dict__:
            _parameters = self.__dict__["_parameters"]
            if name in _parameters:
                return _parameters[name]
        if "_buffers" in self.__dict__:
            _buffers = self.__dict__["_buffers"]
            if name in _buffers:
                return _buffers[name]
        if "_modules" in self.__dict__:
            modules = self.__dict__["_modules"]
            if name in modules:
                return modules[name]
>       raise AttributeError(
            f"'{type(self).__name__}' object has no attribute '{name}'"
        )
E       AttributeError: 'TurboQuantProd' object has no attribute 'mse_indices'

.venv/lib/python3.9/site-packages/torch/nn/modules/module.py:1962: AttributeError
___________________ TestHellFused.test_odd_bit_packing_hell ____________________

self = <tests.test_hell_fused.TestHellFused object at 0x7a6275464ac0>

    def test_odd_bit_packing_hell(self):
        """
        HELL 3: Asymmetric Odd-Bit Unpacking (K=5, V=3).
        Tests sub-byte SRAM unpacking at the limits.
        """
        device = "cuda"
        dim = 128
        n_k = 256
    
        # K=5 (Lẻ), V=3 (Lẻ)
        k_quant = TurboQuantProd(dim, bits=5).to(device)
        v_quant = TurboQuantValue(dim, bits=3).to(device)
    
        q = torch.randn((1, 1, dim), device=device)
        k = torch.randn((1, n_k, dim), device=device)
        v = torch.randn((1, n_k, dim), device=device)
    
        q_key = k_quant.quantize(k)
        q_value = v_quant.quantize(v)
    
        # Run Fused Path
>       output, _ = turboquant_attention(q, q_key, q_value, quantizer=k_quant, k_bits=5, v_bits=3)

tests/test_hell_fused.py:97: 
_ _ _ _ _ _ _ _ _ _ _ _ _ _ _ _ _ _ _ _ _ _ _ _ _ _ _ _ _ _ _ _ _ _ _ _ _ _ _ _ 
src/turboquant/kernels/fused_attention.py:86: in turboquant_attention
    scores = attention_score_prod_dispatch(query, key, quantizer, qjl_scale, sm_scale)
src/turboquant/kernels/fused_attention.py:31: in attention_score_prod_dispatch
    return turboquant_attention_score(query, quantized_key, quantizer, qjl_scale, sm_scale)
src/turboquant/kernels/triton_attention.py:37: in turboquant_attention_score
    mse_packed = quantized_key.mse_indices
_ _ _ _ _ _ _ _ _ _ _ _ _ _ _ _ _ _ _ _ _ _ _ _ _ _ _ _ _ _ _ _ _ _ _ _ _ _ _ _ 

self = TurboQuantProd(
  (mse_quantizer): TurboQuantMSE(
    (rotation): TurboQuantRotation()
  )
)
name = 'mse_indices'

    def __getattr__(self, name: str) -> Union[Tensor, "Module"]:
        if "_parameters" in self.__dict__:
            _parameters = self.__dict__["_parameters"]
            if name in _parameters:
                return _parameters[name]
        if "_buffers" in self.__dict__:
            _buffers = self.__dict__["_buffers"]
            if name in _buffers:
                return _buffers[name]
        if "_modules" in self.__dict__:
            modules = self.__dict__["_modules"]
            if name in modules:
                return modules[name]
>       raise AttributeError(
            f"'{type(self).__name__}' object has no attribute '{name}'"
        )
E       AttributeError: 'TurboQuantProd' object has no attribute 'mse_indices'

.venv/lib/python3.9/site-packages/torch/nn/modules/module.py:1962: AttributeError
______________________ TestHellFused.test_large_dim_hell _______________________

self = <tests.test_hell_fused.TestHellFused object at 0x7a62754647c0>

    def test_large_dim_hell(self):
        """
        HELL 4: Large Head-Dim (D=256).
        Checks for register pressure and tile boundary issues.
        """
        device = "cuda"
        dim = 256 # Double the standard dim
        n_k = 512
    
        k_quant = TurboQuantProd(dim, bits=4).to(device)
        v_quant = TurboQuantValue(dim, bits=4).to(device)
    
        q = torch.randn((1, 1, dim), device=device)
        k = torch.randn((1, n_k, dim), device=device)
        v = torch.randn((1, n_k, dim), device=device)
    
        q_key = k_quant.quantize(k)
        q_value = v_quant.quantize(v)
    
        # Execute
>       output, _ = turboquant_attention(q, q_key, q_value, quantizer=k_quant)

tests/test_hell_fused.py:122: 
_ _ _ _ _ _ _ _ _ _ _ _ _ _ _ _ _ _ _ _ _ _ _ _ _ _ _ _ _ _ _ _ _ _ _ _ _ _ _ _ 
src/turboquant/kernels/fused_attention.py:86: in turboquant_attention
    scores = attention_score_prod_dispatch(query, key, quantizer, qjl_scale, sm_scale)
src/turboquant/kernels/fused_attention.py:31: in attention_score_prod_dispatch
    return turboquant_attention_score(query, quantized_key, quantizer, qjl_scale, sm_scale)
src/turboquant/kernels/triton_attention.py:37: in turboquant_attention_score
    mse_packed = quantized_key.mse_indices
_ _ _ _ _ _ _ _ _ _ _ _ _ _ _ _ _ _ _ _ _ _ _ _ _ _ _ _ _ _ _ _ _ _ _ _ _ _ _ _ 

self = TurboQuantProd(
  (mse_quantizer): TurboQuantMSE(
    (rotation): TurboQuantRotation()
  )
)
name = 'mse_indices'

    def __getattr__(self, name: str) -> Union[Tensor, "Module"]:
        if "_parameters" in self.__dict__:
            _parameters = self.__dict__["_parameters"]
            if name in _parameters:
                return _parameters[name]
        if "_buffers" in self.__dict__:
            _buffers = self.__dict__["_buffers"]
            if name in _buffers:
                return _buffers[name]
        if "_modules" in self.__dict__:
            modules = self.__dict__["_modules"]
            if name in modules:
                return modules[name]
>       raise AttributeError(
            f"'{type(self).__name__}' object has no attribute '{name}'"
        )
E       AttributeError: 'TurboQuantProd' object has no attribute 'mse_indices'

.venv/lib/python3.9/site-packages/torch/nn/modules/module.py:1962: AttributeError
___________ TestPagedAttention.test_paged_vs_contiguous_parity[8-3] ____________

self = <tests.test_paged_attention.TestPagedAttention object at 0x7a627547fa30>
k_bits = 8, v_bits = 3, seq_len = 200

    @pytest.mark.parametrize("k_bits, v_bits", [(8, 3), (4, 4)])
    def test_paged_vs_contiguous_parity(self, k_bits, v_bits, seq_len=200):
        device = "cuda"
        head_dim = 128
        n_heads = 4
        torch.manual_seed(42)
    
        # 1. Global Pool Initialization
        # SOTA: Increase num_blocks to 20 to avoid exhaustion for 200 tokens (needs 13 blocks)
        pool = KVBlockPool(num_blocks=20, head_dim=head_dim, n_heads=n_heads, k_bits=k_bits, v_bits=v_bits)
    
        # 2. Per-layer Cache Manager
        # SOTA: Mark Layer 1 as quantized to ensure k_quantizer is initialized
        kv_cache = TurboQuantKVCache(layer_idx=1, pool=pool, routing=LayerRouting(10, [1]))
    
        # 3. Fill Cache
        k_full = torch.randn((1, n_heads, seq_len, head_dim), device=device)
        v_full = torch.randn((1, n_heads, seq_len, head_dim), device=device)
    
        for i in range(seq_len):
            kv_cache.append(k_full[:, :, i:i+1, :], v_full[:, :, i:i+1, :])
    
        expected_blocks = math.ceil(seq_len / kv_cache.tokens_per_block)
        assert len(kv_cache.block_ids) == expected_blocks
    
        # 4. Run Paged Attention
        query = torch.randn((1, n_heads, 1, head_dim), device=device)
>       paged_output = kv_cache.attention_score(query)

tests/test_paged_attention.py:40: 
_ _ _ _ _ _ _ _ _ _ _ _ _ _ _ _ _ _ _ _ _ _ _ _ _ _ _ _ _ _ _ _ _ _ _ _ _ _ _ _ 
src/turboquant/cache/manager.py:135: in attention_score
    return paged_turboquant_attention(
src/turboquant/kernels/fused_attention.py:58: in paged_turboquant_attention
    return paged_dispatch(query, kv_cache, k_bits, v_bits, qjl_scale, sm_scale)
_ _ _ _ _ _ _ _ _ _ _ _ _ _ _ _ _ _ _ _ _ _ _ _ _ _ _ _ _ _ _ _ _ _ _ _ _ _ _ _ 

query = tensor([[[[-5.1875e-01,  1.2268e+00,  6.2548e-01, -9.1168e-01,  5.6868e-01,
           -3.3367e-01,  5.5793e-02, -7.52...9456e+00,  1.7005e+00,  1.4610e+00, -3.5144e-01,
           -1.5689e+00,  5.1381e-01,  2.1144e-01]]]], device='cuda:0')
kv_cache = <turboquant.cache.manager.TurboQuantKVCache object at 0x7a6271b76970>
k_bits = 8, v_bits = 4, qjl_scale = 1.0, sm_scale = 0.08838834764831843

    def turboquant_paged_fused_attention(
        query: torch.Tensor,
        kv_cache: Any,
        k_bits: int,
        v_bits: int,
        qjl_scale: float,
        sm_scale: float
    ) -> torch.Tensor:
        # 1. Transform Query (Sketched Attention)
>       q_rot, q_sketch = kv_cache.k_quantizer.transform_query(query)
E       AttributeError: 'NoneType' object has no attribute 'transform_query'

src/turboquant/kernels/paged_fused.py:111: AttributeError
___________ TestPagedAttention.test_paged_vs_contiguous_parity[4-4] ____________

self = <tests.test_paged_attention.TestPagedAttention object at 0x7a627547fbb0>
k_bits = 4, v_bits = 4, seq_len = 200

    @pytest.mark.parametrize("k_bits, v_bits", [(8, 3), (4, 4)])
    def test_paged_vs_contiguous_parity(self, k_bits, v_bits, seq_len=200):
        device = "cuda"
        head_dim = 128
        n_heads = 4
        torch.manual_seed(42)
    
        # 1. Global Pool Initialization
        # SOTA: Increase num_blocks to 20 to avoid exhaustion for 200 tokens (needs 13 blocks)
        pool = KVBlockPool(num_blocks=20, head_dim=head_dim, n_heads=n_heads, k_bits=k_bits, v_bits=v_bits)
    
        # 2. Per-layer Cache Manager
        # SOTA: Mark Layer 1 as quantized to ensure k_quantizer is initialized
        kv_cache = TurboQuantKVCache(layer_idx=1, pool=pool, routing=LayerRouting(10, [1]))
    
        # 3. Fill Cache
        k_full = torch.randn((1, n_heads, seq_len, head_dim), device=device)
        v_full = torch.randn((1, n_heads, seq_len, head_dim), device=device)
    
        for i in range(seq_len):
            kv_cache.append(k_full[:, :, i:i+1, :], v_full[:, :, i:i+1, :])
    
        expected_blocks = math.ceil(seq_len / kv_cache.tokens_per_block)
        assert len(kv_cache.block_ids) == expected_blocks
    
        # 4. Run Paged Attention
        query = torch.randn((1, n_heads, 1, head_dim), device=device)
>       paged_output = kv_cache.attention_score(query)

tests/test_paged_attention.py:40: 
_ _ _ _ _ _ _ _ _ _ _ _ _ _ _ _ _ _ _ _ _ _ _ _ _ _ _ _ _ _ _ _ _ _ _ _ _ _ _ _ 
src/turboquant/cache/manager.py:135: in attention_score
    return paged_turboquant_attention(
src/turboquant/kernels/fused_attention.py:58: in paged_turboquant_attention
    return paged_dispatch(query, kv_cache, k_bits, v_bits, qjl_scale, sm_scale)
_ _ _ _ _ _ _ _ _ _ _ _ _ _ _ _ _ _ _ _ _ _ _ _ _ _ _ _ _ _ _ _ _ _ _ _ _ _ _ _ 

query = tensor([[[[-5.1875e-01,  1.2268e+00,  6.2548e-01, -9.1168e-01,  5.6868e-01,
           -3.3367e-01,  5.5793e-02, -7.52...9456e+00,  1.7005e+00,  1.4610e+00, -3.5144e-01,
           -1.5689e+00,  5.1381e-01,  2.1144e-01]]]], device='cuda:0')
kv_cache = <turboquant.cache.manager.TurboQuantKVCache object at 0x7a6271bd21f0>
k_bits = 8, v_bits = 4, qjl_scale = 1.0, sm_scale = 0.08838834764831843

    def turboquant_paged_fused_attention(
        query: torch.Tensor,
        kv_cache: Any,
        k_bits: int,
        v_bits: int,
        qjl_scale: float,
        sm_scale: float
    ) -> torch.Tensor:
        # 1. Transform Query (Sketched Attention)
>       q_rot, q_sketch = kv_cache.k_quantizer.transform_query(query)
E       AttributeError: 'NoneType' object has no attribute 'transform_query'

src/turboquant/kernels/paged_fused.py:111: AttributeError
=========================== short test summary info ============================
FAILED tests/test_hell_fused.py::TestHellFused::test_softmax_stability_hell
FAILED tests/test_hell_fused.py::TestHellFused::test_long_context_hell - Attr...
FAILED tests/test_hell_fused.py::TestHellFused::test_odd_bit_packing_hell - A...
FAILED tests/test_hell_fused.py::TestHellFused::test_large_dim_hell - Attribu...
FAILED tests/test_paged_attention.py::TestPagedAttention::test_paged_vs_contiguous_parity[8-3]
FAILED tests/test_paged_attention.py::TestPagedAttention::test_paged_vs_contiguous_parity[4-4]
======================== 6 failed, 157 passed in 3.83s =========================
