============================= test session starts ==============================
platform linux -- Python 3.9.25, pytest-8.4.2, pluggy-1.6.0
rootdir: /home/minh/projects/turboquant_pp
configfile: pyproject.toml
collected 1 item

tests/test_paged_attention.py F                                          [100%]

=================================== FAILURES ===================================
___________ TestPagedAttention.test_paged_vs_contiguous_parity[8-3] ____________
tests/test_paged_attention.py:73: in test_paged_vs_contiguous_parity
    assert max_diff < 1e-4, f"Paged and Contiguous differ significantly: {max_diff}"
E   AssertionError: Paged and Contiguous differ significantly: 0.1594533920288086
E   assert 0.1594533920288086 < 0.0001
----------------------------- Captured stdout call -----------------------------

[PARITY DEBUG] Bits(8/3):
  > Paged Norm   : 3.40691733
  > Contig Norm  : 3.77670550
  > Max Absolute Diff: 0.15945339
  > Paged (First 5): [-0.19058287143707275, 0.02335246466100216, -0.09437043219804764, -0.02394312247633934, -0.16619208455085754]
  > Contig (First 5): [-0.2107735127210617, 0.006890743970870972, -0.13668277859687805, 0.004785951226949692, -0.22251412272453308]
=========================== short test summary info ============================
FAILED tests/test_paged_attention.py::TestPagedAttention::test_paged_vs_contiguous_parity[8-3]
============================== 1 failed in 4.78s ===============================
