============================= test session starts ==============================
platform linux -- Python 3.9.25, pytest-8.4.2, pluggy-1.6.0
rootdir: /home/minh/projects/turboquant_pp
configfile: pyproject.toml
collected 1 item

tests/test_paged_attention.py F                                          [100%]

=================================== FAILURES ===================================
___________ TestPagedAttention.test_paged_vs_contiguous_parity[8-3] ____________
tests/test_paged_attention.py:73: in test_paged_vs_contiguous_parity
    assert max_diff < 1e-4, f"Paged and Contiguous differ significantly: {max_diff}"
E   AssertionError: Paged and Contiguous differ significantly: 8.813284873962402
E   assert 8.813284873962402 < 0.0001
----------------------------- Captured stdout call -----------------------------

[PARITY DEBUG] Bits(8/3):
  > Paged Norm   : 100.15304565
  > Contig Norm  : 3.77670550
  > Max Absolute Diff: 8.81328487
  > Paged (First 5): [-3.433980703353882, -3.3685216903686523, -3.5964162349700928, -3.211509943008423, -3.1391258239746094]
  > Contig (First 5): [-0.2107735127210617, 0.006890743970870972, -0.13668277859687805, 0.004785951226949692, -0.22251412272453308]
=========================== short test summary info ============================
FAILED tests/test_paged_attention.py::TestPagedAttention::test_paged_vs_contiguous_parity[8-3]
============================== 1 failed in 3.41s ===============================
